Using pre-set license
Built from '2020.3/staging' branch; Version is '2020.3.4f1 (0abb6314276a) revision 703331'; Using compiler version '192528614'; Build Type 'Release'
OS: 'Windows 10 Home; OS build 19042.928; Version 2009; 64bit' Language: 'en' Physical Memory: 16324 MB
BatchMode: 1, IsHumanControllingUs: 0, StartBugReporterOnCrash: 0, Is64bit: 1, IsPro: 0

 COMMAND LINE ARGUMENTS:
C:\Program Files\Unity\Hub\Editor\2020.3.4f1\Editor\Unity.exe
-adb2
-batchMode
-noUpm
-name
AssetImportWorker0
-projectPath
E:/Other Documents/Unity/My Testing Lab/2D Fantasy Test
-logFile
Logs/AssetImportWorker0.log
-srvPort
50795
Successfully changed project path to: E:/Other Documents/Unity/My Testing Lab/2D Fantasy Test
E:/Other Documents/Unity/My Testing Lab/2D Fantasy Test
Using Asset Import Pipeline V2.
Refreshing native plugins compatible for Editor in 46.84 ms, found 0 plugins.
Preloading 0 native plugins for Editor in 0.00 ms.
Initialize engine version: 2020.3.4f1 (0abb6314276a)
[Subsystems] Discovering subsystems at path C:/Program Files/Unity/Hub/Editor/2020.3.4f1/Editor/Data/Resources/UnitySubsystems
[Subsystems] Discovering subsystems at path E:/Other Documents/Unity/My Testing Lab/2D Fantasy Test/Assets
GfxDevice: creating device client; threaded=0
Direct3D:
    Version:  Direct3D 11.0 [level 11.1]
    Renderer: AMD Radeon (TM) R9 380 Series (ID=0x6939)
    Vendor:   
    VRAM:     4070 MB
    Driver:   27.20.21002.112
Initialize mono
Mono path[0] = 'C:/Program Files/Unity/Hub/Editor/2020.3.4f1/Editor/Data/Managed'
Mono path[1] = 'C:/Program Files/Unity/Hub/Editor/2020.3.4f1/Editor/Data/MonoBleedingEdge/lib/mono/unityjit'
Mono config path = 'C:/Program Files/Unity/Hub/Editor/2020.3.4f1/Editor/Data/MonoBleedingEdge/etc'
Using monoOptions --debugger-agent=transport=dt_socket,embedding=1,server=y,suspend=n,address=127.0.0.1:56596
Begin MonoManager ReloadAssembly
Registering precompiled unity dll's ...
Register platform support module: C:/Program Files/Unity/Hub/Editor/2020.3.4f1/Editor/Data/PlaybackEngines/WindowsStandaloneSupport/UnityEditor.WindowsStandalone.Extensions.dll
Registered in 0.004110 seconds.
Native extension for WindowsStandalone target not found
Refreshing native plugins compatible for Editor in 77.66 ms, found 0 plugins.
Preloading 0 native plugins for Editor in 0.00 ms.
Mono: successfully reloaded assembly
- Completed reload, in  2.436 seconds
Platform modules already initialized, skipping
Registering precompiled user dll's ...
Registered in 0.026719 seconds.
Begin MonoManager ReloadAssembly
Native extension for WindowsStandalone target not found
Refreshing native plugins compatible for Editor in 89.30 ms, found 0 plugins.
Preloading 0 native plugins for Editor in 0.00 ms.
Mono: successfully reloaded assembly
- Completed reload, in  5.014 seconds
Platform modules already initialized, skipping
========================================================================
Worker process is ready to serve import requests
Launched and connected shader compiler UnityShaderCompiler.exe after 0.66 seconds
Refreshing native plugins compatible for Editor in 0.40 ms, found 0 plugins.
Preloading 0 native plugins for Editor in 0.00 ms.
Unloading 1734 Unused Serialized files (Serialized files now loaded: 0)
System memory in use before: 108.0 MB.
System memory in use after: 108.1 MB.

Unloading 16 unused Assets to reduce memory usage. Loaded Objects now: 2205.
Total: 2.649400 ms (FindLiveObjects: 0.194100 ms CreateObjectMapping: 0.069300 ms MarkObjects: 2.272700 ms  DeleteObjects: 0.111800 ms)

========================================================================
Received Import Request.
  path: Assets/Scripts/UIControl.cs
  artifactKey: Guid(d319878ecb02349428e3f40359ead613) Importer(815301076,1909f56bfc062723c751e8b465ee728b)
Start importing Assets/Scripts/UIControl.cs using Guid(d319878ecb02349428e3f40359ead613) Importer(815301076,1909f56bfc062723c751e8b465ee728b)  -> (artifact id: 'dc99906db8eeb66a4d92011da591e78b') in 0.145392 seconds
  Import took 0.242681 seconds .

========================================================================
Received Prepare
Registering precompiled user dll's ...
Registered in 0.001385 seconds.
Begin MonoManager ReloadAssembly
Native extension for WindowsStandalone target not found
Refreshing native plugins compatible for Editor in 0.40 ms, found 0 plugins.
Preloading 0 native plugins for Editor in 0.00 ms.
Mono: successfully reloaded assembly
- Completed reload, in  1.034 seconds
Platform modules already initialized, skipping
Refreshing native plugins compatible for Editor in 0.39 ms, found 0 plugins.
Preloading 0 native plugins for Editor in 0.00 ms.
Unloading 1674 Unused Serialized files (Serialized files now loaded: 0)
System memory in use before: 102.8 MB.
System memory in use after: 102.9 MB.

Unloading 6 unused Assets to reduce memory usage. Loaded Objects now: 2208.
Total: 2.093300 ms (FindLiveObjects: 0.186200 ms CreateObjectMapping: 0.071400 ms MarkObjects: 1.796400 ms  DeleteObjects: 0.038100 ms)

========================================================================
Received Import Request.
  Time since last request: 52.768608 seconds.
  path: Assets/Scripts/UIControl.cs
  artifactKey: Guid(d319878ecb02349428e3f40359ead613) Importer(815301076,1909f56bfc062723c751e8b465ee728b)
Start importing Assets/Scripts/UIControl.cs using Guid(d319878ecb02349428e3f40359ead613) Importer(815301076,1909f56bfc062723c751e8b465ee728b)  -> (artifact id: 'a89e54ecf56e1f672f73c8da71dd74df') in 0.004706 seconds
  Import took 0.008028 seconds .

========================================================================
Received Prepare
Registering precompiled user dll's ...
Registered in 0.001542 seconds.
Begin MonoManager ReloadAssembly
Native extension for WindowsStandalone target not found
Refreshing native plugins compatible for Editor in 0.37 ms, found 0 plugins.
Preloading 0 native plugins for Editor in 0.00 ms.
Mono: successfully reloaded assembly
- Completed reload, in  0.977 seconds
Platform modules already initialized, skipping
Refreshing native plugins compatible for Editor in 0.36 ms, found 0 plugins.
Preloading 0 native plugins for Editor in 0.00 ms.
Unloading 1674 Unused Serialized files (Serialized files now loaded: 0)
System memory in use before: 102.8 MB.
System memory in use after: 102.9 MB.

Unloading 6 unused Assets to reduce memory usage. Loaded Objects now: 2211.
Total: 2.134700 ms (FindLiveObjects: 0.190900 ms CreateObjectMapping: 0.064500 ms MarkObjects: 1.832400 ms  DeleteObjects: 0.045700 ms)

AssetImportWorkerClient::OnTransportError - code=2 error=End of file
